<?xml version="1.0" encoding="UTF-8"?>
<!-- Generated by org.testng.reporters.JUnitReportReporter -->
<testsuite hostname="sandesh56" failures="0" tests="1" name="script.Test1" time="4.256" errors="0" timestamp="2023-04-27T01:19:13 IST" skipped="0">
  <testcase classname="script.Test1" name="test1" time="4.256"/>
  <system-out>
    <![CDATA[Facebook â€“ log in or sign up
Sandesh]]>
  </system-out>
</testsuite> <!-- script.Test1 -->
