<?xml version="1.0" encoding="UTF-8"?>
<!-- Generated by org.testng.reporters.JUnitReportReporter -->
<testsuite hostname="sandesh56" failures="0" tests="1" name="script.BaseClass" time="5.552" errors="0" timestamp="2023-04-26T16:38:39 IST" skipped="0">
  <testcase classname="script.BaseClass" name="openApp" time="5.552"/>
  <system-out/>
</testsuite> <!-- script.BaseClass -->
